2022-06-25 09:55:47,350 INFO  [restartedMain] com.pratian.AppointmentService.AppointmentServiceApplication : Starting AppointmentServiceApplication using Java 17.0.2 on DESKTOP-VAHVOAK with PID 5656 (E:\careerlabs\finalProject\appointment-service\target\classes started by ADMIN in E:\careerlabs\finalProject\appointment-service)
2022-06-25 09:55:47,362 INFO  [restartedMain] com.pratian.AppointmentService.AppointmentServiceApplication : The following profiles are active: local
2022-06-25 09:55:47,591 INFO  [restartedMain] org.springframework.boot.devtools.env.DevToolsPropertyDefaultsPostProcessor : Devtools property defaults active! Set 'spring.devtools.add-properties' to 'false' to disable
2022-06-25 09:55:47,593 INFO  [restartedMain] org.springframework.boot.devtools.env.DevToolsPropertyDefaultsPostProcessor : For additional web related logging consider setting the 'logging.level.web' property to 'DEBUG'
2022-06-25 09:55:49,833 INFO  [restartedMain] org.springframework.data.repository.config.RepositoryConfigurationDelegate : Bootstrapping Spring Data JPA repositories in DEFAULT mode.
2022-06-25 09:55:50,262 INFO  [restartedMain] org.springframework.data.repository.config.RepositoryConfigurationDelegate : Finished Spring Data repository scanning in 398 ms. Found 10 JPA repository interfaces.
2022-06-25 09:55:52,115 INFO  [restartedMain] org.springframework.boot.web.embedded.tomcat.TomcatWebServer : Tomcat initialized with port(s): 8091 (http)
2022-06-25 09:55:52,138 INFO  [restartedMain] org.apache.catalina.core.StandardService : Starting service [Tomcat]
2022-06-25 09:55:52,146 INFO  [restartedMain] org.apache.catalina.core.StandardEngine : Starting Servlet engine: [Apache Tomcat/9.0.43]
2022-06-25 09:55:52,331 INFO  [restartedMain] org.apache.catalina.core.ContainerBase.[Tomcat].[localhost].[/appointment] : Initializing Spring embedded WebApplicationContext
2022-06-25 09:55:52,331 INFO  [restartedMain] org.springframework.boot.web.servlet.context.ServletWebServerApplicationContext : Root WebApplicationContext: initialization completed in 4737 ms
2022-06-25 09:55:52,774 INFO  [restartedMain] org.hibernate.jpa.internal.util.LogHelper : HHH000204: Processing PersistenceUnitInfo [name: default]
2022-06-25 09:55:52,968 INFO  [restartedMain] org.hibernate.Version : HHH000412: Hibernate ORM core version 5.4.28.Final
2022-06-25 09:55:53,555 INFO  [restartedMain] org.hibernate.annotations.common.Version : HCANN000001: Hibernate Commons Annotations {5.1.2.Final}
2022-06-25 09:55:54,071 INFO  [restartedMain] com.zaxxer.hikari.HikariDataSource : HikariPool-1 - Starting...
2022-06-25 09:55:57,152 INFO  [restartedMain] com.zaxxer.hikari.HikariDataSource : HikariPool-1 - Start completed.
2022-06-25 09:55:57,228 INFO  [restartedMain] org.hibernate.dialect.Dialect : HHH000400: Using dialect: org.hibernate.dialect.MySQL5Dialect
2022-06-25 09:56:01,439 INFO  [restartedMain] org.hibernate.engine.transaction.jta.platform.internal.JtaPlatformInitiator : HHH000490: Using JtaPlatform implementation: [org.hibernate.engine.transaction.jta.platform.internal.NoJtaPlatform]
2022-06-25 09:56:01,558 INFO  [restartedMain] org.springframework.orm.jpa.LocalContainerEntityManagerFactoryBean : Initialized JPA EntityManagerFactory for persistence unit 'default'
2022-06-25 09:56:02,486 INFO  [restartedMain] org.springframework.boot.devtools.autoconfigure.OptionalLiveReloadServer : LiveReload server is running on port 35729
2022-06-25 09:56:06,723 WARN  [restartedMain] org.springframework.boot.autoconfigure.orm.jpa.JpaBaseConfiguration$JpaWebConfiguration : spring.jpa.open-in-view is enabled by default. Therefore, database queries may be performed during view rendering. Explicitly configure spring.jpa.open-in-view to disable this warning
2022-06-25 09:56:07,057 INFO  [restartedMain] org.springframework.scheduling.concurrent.ThreadPoolTaskExecutor : Initializing ExecutorService 'applicationTaskExecutor'
2022-06-25 09:56:11,342 INFO  [restartedMain] org.springframework.boot.web.embedded.tomcat.TomcatWebServer : Tomcat started on port(s): 8091 (http) with context path '/appointment'
2022-06-25 09:56:11,364 INFO  [restartedMain] com.pratian.AppointmentService.AppointmentServiceApplication : Started AppointmentServiceApplication in 25.204 seconds (JVM running for 27.863)
2022-06-25 10:04:03,274 INFO  [Thread-4] org.springframework.scheduling.concurrent.ThreadPoolTaskExecutor : Shutting down ExecutorService 'applicationTaskExecutor'
2022-06-25 10:04:03,280 INFO  [Thread-4] org.springframework.orm.jpa.LocalContainerEntityManagerFactoryBean : Closing JPA EntityManagerFactory for persistence unit 'default'
2022-06-25 10:04:03,285 INFO  [Thread-4] com.zaxxer.hikari.HikariDataSource : HikariPool-1 - Shutdown initiated...
2022-06-25 10:04:03,577 INFO  [Thread-4] com.zaxxer.hikari.HikariDataSource : HikariPool-1 - Shutdown completed.
2022-06-25 10:04:03,739 INFO  [restartedMain] com.pratian.AppointmentService.AppointmentServiceApplication : Starting AppointmentServiceApplication using Java 17.0.2 on DESKTOP-VAHVOAK with PID 5656 (E:\careerlabs\finalProject\appointment-service\target\classes started by ADMIN in E:\careerlabs\finalProject\appointment-service)
2022-06-25 10:04:03,739 INFO  [restartedMain] com.pratian.AppointmentService.AppointmentServiceApplication : The following profiles are active: local
2022-06-25 10:04:04,017 INFO  [restartedMain] org.springframework.data.repository.config.RepositoryConfigurationDelegate : Bootstrapping Spring Data JPA repositories in DEFAULT mode.
2022-06-25 10:04:04,061 INFO  [restartedMain] org.springframework.data.repository.config.RepositoryConfigurationDelegate : Finished Spring Data repository scanning in 43 ms. Found 10 JPA repository interfaces.
2022-06-25 10:04:04,179 INFO  [restartedMain] org.springframework.boot.web.embedded.tomcat.TomcatWebServer : Tomcat initialized with port(s): 8091 (http)
2022-06-25 10:04:04,180 INFO  [restartedMain] org.apache.catalina.core.StandardService : Starting service [Tomcat]
2022-06-25 10:04:04,180 INFO  [restartedMain] org.apache.catalina.core.StandardEngine : Starting Servlet engine: [Apache Tomcat/9.0.43]
2022-06-25 10:04:04,218 INFO  [restartedMain] org.apache.catalina.core.ContainerBase.[Tomcat].[localhost].[/appointment] : Initializing Spring embedded WebApplicationContext
2022-06-25 10:04:04,218 INFO  [restartedMain] org.springframework.boot.web.servlet.context.ServletWebServerApplicationContext : Root WebApplicationContext: initialization completed in 475 ms
2022-06-25 10:04:04,268 INFO  [restartedMain] org.hibernate.jpa.internal.util.LogHelper : HHH000204: Processing PersistenceUnitInfo [name: default]
2022-06-25 10:04:04,274 INFO  [restartedMain] com.zaxxer.hikari.HikariDataSource : HikariPool-2 - Starting...
2022-06-25 10:04:05,011 INFO  [restartedMain] com.zaxxer.hikari.HikariDataSource : HikariPool-2 - Start completed.
2022-06-25 10:04:05,013 INFO  [restartedMain] org.hibernate.dialect.Dialect : HHH000400: Using dialect: org.hibernate.dialect.MySQL5Dialect
2022-06-25 10:04:06,588 INFO  [restartedMain] org.hibernate.engine.transaction.jta.platform.internal.JtaPlatformInitiator : HHH000490: Using JtaPlatform implementation: [org.hibernate.engine.transaction.jta.platform.internal.NoJtaPlatform]
2022-06-25 10:04:06,589 INFO  [restartedMain] org.springframework.orm.jpa.LocalContainerEntityManagerFactoryBean : Initialized JPA EntityManagerFactory for persistence unit 'default'
2022-06-25 10:04:06,628 INFO  [restartedMain] org.springframework.boot.devtools.autoconfigure.OptionalLiveReloadServer : LiveReload server is running on port 35729
2022-06-25 10:04:07,070 WARN  [restartedMain] org.springframework.boot.autoconfigure.orm.jpa.JpaBaseConfiguration$JpaWebConfiguration : spring.jpa.open-in-view is enabled by default. Therefore, database queries may be performed during view rendering. Explicitly configure spring.jpa.open-in-view to disable this warning
2022-06-25 10:04:07,098 INFO  [restartedMain] org.springframework.scheduling.concurrent.ThreadPoolTaskExecutor : Initializing ExecutorService 'applicationTaskExecutor'
2022-06-25 10:04:07,690 INFO  [restartedMain] org.springframework.boot.web.embedded.tomcat.TomcatWebServer : Tomcat started on port(s): 8091 (http) with context path '/appointment'
2022-06-25 10:04:07,700 INFO  [restartedMain] com.pratian.AppointmentService.AppointmentServiceApplication : Started AppointmentServiceApplication in 4.028 seconds (JVM running for 504.199)
2022-06-25 10:04:07,709 INFO  [restartedMain] org.springframework.boot.devtools.autoconfigure.ConditionEvaluationDeltaLoggingListener : Condition evaluation unchanged
2022-06-25 10:39:56,205 INFO  [http-nio-8091-exec-1] org.apache.catalina.core.ContainerBase.[Tomcat].[localhost].[/appointment] : Initializing Spring DispatcherServlet 'dispatcherServlet'
2022-06-25 10:39:56,206 INFO  [http-nio-8091-exec-1] org.springframework.web.servlet.DispatcherServlet : Initializing Servlet 'dispatcherServlet'
2022-06-25 10:39:56,207 INFO  [http-nio-8091-exec-1] org.springframework.web.servlet.DispatcherServlet : Completed initialization in 1 ms
2022-06-25 10:39:58,967 INFO  [http-nio-8091-exec-3] org.springdoc.api.AbstractOpenApiResource : Init duration for springdoc-openapi is: 1613 ms
2022-06-25 11:12:05,741 INFO  [Thread-8] org.springframework.scheduling.concurrent.ThreadPoolTaskExecutor : Shutting down ExecutorService 'applicationTaskExecutor'
2022-06-25 11:12:05,743 INFO  [Thread-8] org.springframework.orm.jpa.LocalContainerEntityManagerFactoryBean : Closing JPA EntityManagerFactory for persistence unit 'default'
2022-06-25 11:12:05,744 INFO  [Thread-8] com.zaxxer.hikari.HikariDataSource : HikariPool-2 - Shutdown initiated...
2022-06-25 11:12:05,986 INFO  [Thread-8] com.zaxxer.hikari.HikariDataSource : HikariPool-2 - Shutdown completed.
2022-06-25 11:12:52,789 INFO  [restartedMain] com.pratian.AppointmentService.AppointmentServiceApplication : Starting AppointmentServiceApplication using Java 17.0.2 on DESKTOP-VAHVOAK with PID 5656 (E:\careerlabs\finalProject\appointment-service\target\classes started by ADMIN in E:\careerlabs\finalProject\appointment-service)
2022-06-25 11:12:52,789 INFO  [restartedMain] com.pratian.AppointmentService.AppointmentServiceApplication : The following profiles are active: dev
2022-06-25 11:12:53,074 INFO  [restartedMain] org.springframework.data.repository.config.RepositoryConfigurationDelegate : Bootstrapping Spring Data JPA repositories in DEFAULT mode.
2022-06-25 11:12:53,113 INFO  [restartedMain] org.springframework.data.repository.config.RepositoryConfigurationDelegate : Finished Spring Data repository scanning in 38 ms. Found 10 JPA repository interfaces.
2022-06-25 11:12:53,216 INFO  [restartedMain] org.springframework.boot.web.embedded.tomcat.TomcatWebServer : Tomcat initialized with port(s): 8091 (http)
2022-06-25 11:12:53,217 INFO  [restartedMain] org.apache.catalina.core.StandardService : Starting service [Tomcat]
2022-06-25 11:12:53,217 INFO  [restartedMain] org.apache.catalina.core.StandardEngine : Starting Servlet engine: [Apache Tomcat/9.0.43]
2022-06-25 11:12:53,251 INFO  [restartedMain] org.apache.catalina.core.ContainerBase.[Tomcat].[localhost].[/appointment] : Initializing Spring embedded WebApplicationContext
2022-06-25 11:12:53,251 INFO  [restartedMain] org.springframework.boot.web.servlet.context.ServletWebServerApplicationContext : Root WebApplicationContext: initialization completed in 458 ms
2022-06-25 11:12:53,300 INFO  [restartedMain] org.hibernate.jpa.internal.util.LogHelper : HHH000204: Processing PersistenceUnitInfo [name: default]
2022-06-25 11:12:53,315 INFO  [restartedMain] com.zaxxer.hikari.HikariDataSource : HikariPool-4 - Starting...
2022-06-25 11:12:54,055 INFO  [restartedMain] com.zaxxer.hikari.HikariDataSource : HikariPool-4 - Start completed.
2022-06-25 11:12:54,057 INFO  [restartedMain] org.hibernate.dialect.Dialect : HHH000400: Using dialect: org.hibernate.dialect.MySQL5Dialect
2022-06-25 11:12:55,422 INFO  [restartedMain] org.hibernate.engine.transaction.jta.platform.internal.JtaPlatformInitiator : HHH000490: Using JtaPlatform implementation: [org.hibernate.engine.transaction.jta.platform.internal.NoJtaPlatform]
2022-06-25 11:12:55,424 INFO  [restartedMain] org.springframework.orm.jpa.LocalContainerEntityManagerFactoryBean : Initialized JPA EntityManagerFactory for persistence unit 'default'
2022-06-25 11:12:55,466 INFO  [restartedMain] org.springframework.boot.devtools.autoconfigure.OptionalLiveReloadServer : LiveReload server is running on port 35729
2022-06-25 11:12:55,860 WARN  [restartedMain] org.springframework.boot.autoconfigure.orm.jpa.JpaBaseConfiguration$JpaWebConfiguration : spring.jpa.open-in-view is enabled by default. Therefore, database queries may be performed during view rendering. Explicitly configure spring.jpa.open-in-view to disable this warning
2022-06-25 11:12:55,885 INFO  [restartedMain] org.springframework.scheduling.concurrent.ThreadPoolTaskExecutor : Initializing ExecutorService 'applicationTaskExecutor'
2022-06-25 11:12:56,415 INFO  [restartedMain] org.springframework.boot.web.embedded.tomcat.TomcatWebServer : Tomcat started on port(s): 8091 (http) with context path '/appointment'
2022-06-25 11:12:56,435 INFO  [restartedMain] com.pratian.AppointmentService.AppointmentServiceApplication : Started AppointmentServiceApplication in 3.745 seconds (JVM running for 4632.634)
2022-06-25 11:12:56,442 INFO  [restartedMain] org.springframework.boot.devtools.autoconfigure.ConditionEvaluationDeltaLoggingListener : Condition evaluation unchanged
2022-06-25 11:12:57,885 INFO  [Thread-18] org.springframework.scheduling.concurrent.ThreadPoolTaskExecutor : Shutting down ExecutorService 'applicationTaskExecutor'
2022-06-25 11:12:57,888 INFO  [Thread-18] org.springframework.orm.jpa.LocalContainerEntityManagerFactoryBean : Closing JPA EntityManagerFactory for persistence unit 'default'
2022-06-25 11:12:57,889 INFO  [Thread-18] com.zaxxer.hikari.HikariDataSource : HikariPool-4 - Shutdown initiated...
2022-06-25 11:12:58,159 INFO  [Thread-18] com.zaxxer.hikari.HikariDataSource : HikariPool-4 - Shutdown completed.
